<?xml version="1.0" encoding="UTF-8"?>
<testsuite xmlns:xsi="http://www.w3.org/2001/XMLSchema-instance" xsi:schemaLocation="https://maven.apache.org/surefire/maven-surefire-plugin/xsd/surefire-test-report.xsd" name="com.testautomation.restassured.launchers.RestCountries" time="21.198" tests="16" errors="0" skipped="0" failures="3">
  <properties>
[...]
</properties>
  <testcase name="BeforeStories" classname="java.lang.Object" time="0.025"/>
  <testcase name="Given i have a capital city &apos;Bogota&apos;" classname="com.testautomation.restassured.definitions.RestCountriesDefinitions" time="0.318"/>
  <testcase name="When i request the information" classname="com.testautomation.restassured.definitions.RestCountriesDefinitions" time="9.455"/>
  <testcase name="Then response time should be &apos;1700&apos; miliseconds" classname="com.testautomation.restassured.definitions.RestCountriesDefinitions" time="0.001">
    <failure message="The Service Answer took to much time &#10;expected[1700] obtained[4413]" type="java.lang.AssertionError">java.lang.AssertionError: 
The Service Answer took to much time 
expected[1700] obtained[4413]
	at com.testautomation.restassured.definitions.RestCountriesDefinitions.responseTimeCheck(RestCountriesDefinitions.java:41)
</failure>
    <system-out><![CDATA[When i request the information
]]></system-out>
  </testcase>
  <testcase name="Scenario: Response Time" classname="Scenario: Response Time" time="0.046">
    <failure message="scenario failed!" type="java.lang.AssertionError">java.lang.AssertionError: scenario failed!
</failure>
    <system-out><![CDATA[Then response time should be '1700' miliseconds (FAILED)
(java.lang.AssertionError: The Service Answer took to much time 
expected[1700] obtained[4413])
]]></system-out>
    <system-err><![CDATA[[pool-1-thread-1] ERROR net.serenitybdd.core.Serenity - 
           __  _____ _____ ____ _____   _____ _    ___ _     _____ ____  
  _       / / |_   _| ____/ ___|_   _| |  ___/ \  |_ _| |   | ____|  _ \ 
 (_)_____| |    | | |  _| \___ \ | |   | |_ / _ \  | || |   |  _| | | | |
  _|_____| |    | | | |___ ___) || |   |  _/ ___ \ | || |___| |___| |_| |
 (_)     | |    |_| |_____|____/ |_|   |_|/_/   \_\___|_____|_____|____/ 
          \_\                                                            

TEST FAILED: Response Time
--------------------------------------------------------------------------
[pool-1-thread-1] ERROR net.serenitybdd.core.Serenity - TEST FAILED AT STEP Response time check: 1700
[pool-1-thread-1] ERROR net.serenitybdd.core.Serenity - The Service Answer took to much time expected[1700] obtained[4413]
]]></system-err>
  </testcase>
  <testcase name="Given i have a capital city &apos;Bogota&apos;​" classname="com.testautomation.restassured.definitions.RestCountriesDefinitions" time="0"/>
  <testcase name="When i request the information​" classname="com.testautomation.restassured.definitions.RestCountriesDefinitions" time="0.084"/>
  <testcase name="Then i should get response status code &apos;200&apos;" classname="com.testautomation.restassured.definitions.RestCountriesDefinitions" time="0"/>
  <testcase name="And i should get the call code &apos;57&apos;" classname="com.testautomation.restassured.definitions.RestCountriesDefinitions" time="1"/>
  <testcase name="Scenario: Colombia Call Code" classname="Scenario: Colombia Call Code" time="1.037"/>
  <testcase name="Given i have a capital city &apos;Bogota&apos;​​" classname="com.testautomation.restassured.definitions.RestCountriesDefinitions" time="0"/>
  <testcase name="When i request the information​​" classname="com.testautomation.restassured.definitions.RestCountriesDefinitions" time="0.389"/>
  <testcase name="Then i should get currency data, " classname="com.testautomation.restassured.definitions.RestCountriesDefinitions" time="0"/>
  <testcase name="Scenario: Colombia Currency" classname="Scenario: Colombia Currency" time="0.004"/>
  <testcase name="rest_countries.story" classname="rest_countries.story" time="0.004">
    <failure message="story failed!" type="java.lang.AssertionError">java.lang.AssertionError: story failed!
</failure>
    <system-out><![CDATA[
]]></system-out>
  </testcase>
  <testcase name="AfterStories" classname="java.lang.Object" time="6.304"/>
</testsuite>