<?xml version="1.0" encoding="UTF-8"?>
<testsuite xmlns:xsi="http://www.w3.org/2001/XMLSchema-instance" xsi:schemaLocation="https://maven.apache.org/surefire/maven-surefire-plugin/xsd/surefire-test-report.xsd" name="com.testautomation.restassured.launchers.RestGoogleGeocode" time="18.126" tests="8" errors="0" skipped="0" failures="0">
  <properties>
[...]
</properties>
  <testcase name="BeforeStories" classname="java.lang.Object" time="0.01"/>
  <testcase name="Given I have an address &apos;Calazans Azul&apos;" classname="com.testautomation.restassured.definitions.RestGoogleGeocodeDefinitions" time="0.493"/>
  <testcase name="When I request google api for geocode with address" classname="com.testautomation.restassured.definitions.RestGoogleGeocodeDefinitions" time="10.742"/>
  <testcase name="Then I should get response status code &apos;200&apos;" classname="com.testautomation.restassured.definitions.RestGoogleGeocodeDefinitions" time="0"/>
  <testcase name="And I should get longitude &apos;-75.60444&apos; and latitude &apos;6.269785&apos;" classname="com.testautomation.restassured.definitions.RestGoogleGeocodeDefinitions" time="0.787"/>
  <testcase name="Scenario: google geolocation by address" classname="Scenario: google geolocation by address" time="0.905"/>
  <testcase name="rest_google_geocode.story" classname="rest_google_geocode.story" time="0.967"/>
  <testcase name="AfterStories" classname="java.lang.Object" time="2.746"/>
</testsuite>